#-----------------------------------------------------------
# Vivado v2018.3 (64-bit)
# SW Build 2405991 on Thu Dec  6 23:38:27 MST 2018
# IP Build 2404404 on Fri Dec  7 01:43:56 MST 2018
# Start of session at: Sun Jul 12 15:28:04 2020
# Process ID: 20028
# Current directory: E:/vivado_1/RIJ_CPU_正式版
# Command line: vivado.exe -gui_launcher_event rodinguilauncherevent21176 E:\vivado_1\RIJ_CPU_正式版\RIJ_CPU.xpr
# Log file: E:/vivado_1/RIJ_CPU_正式版/vivado.log
# Journal file: E:/vivado_1/RIJ_CPU_正式版\vivado.jou
#-----------------------------------------------------------
start_gui
open_project E:/vivado_1/RIJ_CPU_正式版/RIJ_CPU.xpr
INFO: [Project 1-313] Project file moved from 'E:/vivado_1/RIJ_CPU_' since last save.
Scanning sources...
Finished scanning sources
INFO: [IP_Flow 19-234] Refreshing IP repositories
INFO: [IP_Flow 19-1704] No user IP repositories specified
INFO: [IP_Flow 19-2313] Loaded Vivado IP repository 'E:/vivado_1/Vivado/2018.3/data/ip'.
open_project: Time (s): cpu = 00:00:15 ; elapsed = 00:00:14 . Memory (MB): peak = 823.570 ; gain = 233.250
update_compile_order -fileset sources_1
INFO: [Device 21-403] Loading part xc7a100tfgg484-2
WARNING: [IP_Flow 19-4067] Ignoring invalid widget type specified checkbox.Providing a default widget
WARNING: [IP_Flow 19-4067] Ignoring invalid widget type specified checkbox.Providing a default widget
exit
INFO: [Common 17-206] Exiting Vivado at Sun Jul 12 15:31:47 2020...
