# do {top_module_sim_compile.do}
# ** Warning: (vlib-34) Library already exists at "modelsim_lib/work".
# ** Warning: (vlib-34) Library already exists at "modelsim_lib/msim".
# ** Warning: (vlib-34) Library already exists at "modelsim_lib/msim/xil_defaultlib".
# ** Warning: (vlib-34) Library already exists at "modelsim_lib/msim/xpm".
# ** Warning: (vlib-34) Library already exists at "modelsim_lib/msim/blk_mem_gen_v8_4_2".
# Model Technology ModelSim SE-64 vmap 10.6e Lib Mapping Utility 2018.06 Jun 23 2018
# vmap xil_defaultlib modelsim_lib/msim/xil_defaultlib 
# Modifying modelsim.ini
# Model Technology ModelSim SE-64 vmap 10.6e Lib Mapping Utility 2018.06 Jun 23 2018
# vmap xpm modelsim_lib/msim/xpm 
# Modifying modelsim.ini
# Model Technology ModelSim SE-64 vmap 10.6e Lib Mapping Utility 2018.06 Jun 23 2018
# vmap blk_mem_gen_v8_4_2 modelsim_lib/msim/blk_mem_gen_v8_4_2 
# Modifying modelsim.ini
# ** Warning: (vlog-159) Mode option -64 is not supported in this context and will be ignored.
# Model Technology ModelSim SE-64 vlog 10.6e Compiler 2018.06 Jun 23 2018
# Start time: 12:06:35 on Jun 11,2020
# vlog -64 -incr -sv -work xil_defaultlib E:/vivado_1/Vivado/2018.3/data/ip/xpm/xpm_memory/hdl/xpm_memory.sv 
# -- Skipping module xpm_memory_base
# -- Skipping module asym_bwe_bb
# -- Skipping module xpm_memory_dpdistram
# -- Skipping module xpm_memory_dprom
# -- Skipping module xpm_memory_sdpram
# -- Skipping module xpm_memory_spram
# -- Skipping module xpm_memory_sprom
# -- Skipping module xpm_memory_tdpram
# 
# Top level modules:
# 	xpm_memory_dpdistram
# 	xpm_memory_dprom
# 	xpm_memory_sdpram
# 	xpm_memory_spram
# 	xpm_memory_sprom
# 	xpm_memory_tdpram
# End time: 12:06:35 on Jun 11,2020, Elapsed time: 0:00:00
# Errors: 0, Warnings: 1
# ** Warning: (vcom-159) Mode option -64 is not supported in this context and will be ignored.
# Model Technology ModelSim SE-64 vcom 10.6e Compiler 2018.06 Jun 23 2018
# Start time: 12:06:35 on Jun 11,2020
# vcom -64 -93 -work xpm E:/vivado_1/Vivado/2018.3/data/ip/xpm/xpm_VCOMP.vhd 
# -- Loading package STANDARD
# -- Loading package TEXTIO
# -- Loading package std_logic_1164
# -- Compiling package VCOMPONENTS
# End time: 12:06:35 on Jun 11,2020, Elapsed time: 0:00:00
# Errors: 0, Warnings: 1
# ** Warning: (vlog-159) Mode option -64 is not supported in this context and will be ignored.
# Model Technology ModelSim SE-64 vlog 10.6e Compiler 2018.06 Jun 23 2018
# Start time: 12:06:35 on Jun 11,2020
# vlog -64 -incr -work blk_mem_gen_v8_4_2 ../../../../RIJ_CPU.ip_user_files/ipstatic/simulation/blk_mem_gen_v8_4.v 
# -- Skipping module STATE_LOGIC_v8_4
# -- Skipping module beh_vlog_muxf7_v8_4
# -- Skipping module beh_vlog_ff_clr_v8_4
# -- Skipping module beh_vlog_ff_pre_v8_4
# -- Skipping module beh_vlog_ff_ce_clr_v8_4
# -- Skipping module write_netlist_v8_4
# -- Skipping module read_netlist_v8_4
# -- Skipping module blk_mem_axi_write_wrapper_beh_v8_4
# -- Skipping module blk_mem_axi_read_wrapper_beh_v8_4
# -- Skipping module blk_mem_axi_regs_fwd_v8_4
# -- Skipping module blk_mem_gen_v8_4_2_output_stage
# -- Skipping module blk_mem_gen_v8_4_2_softecc_output_reg_stage
# -- Skipping module blk_mem_gen_v8_4_2_mem_module
# -- Skipping module blk_mem_gen_v8_4_2
# 
# Top level modules:
# 	blk_mem_gen_v8_4_2
# End time: 12:06:35 on Jun 11,2020, Elapsed time: 0:00:00
# Errors: 0, Warnings: 1
# ** Warning: (vlog-159) Mode option -64 is not supported in this context and will be ignored.
# Model Technology ModelSim SE-64 vlog 10.6e Compiler 2018.06 Jun 23 2018
# Start time: 12:06:36 on Jun 11,2020
# vlog -64 -incr -work xil_defaultlib ../../../../RIJ_CPU.srcs/sources_1/ip/blk_mem_gen_0/sim/blk_mem_gen_0.v ../../../../RIJ_CPU.srcs/sources_1/new/ALU_32.v ../../../../RIJ_CPU.srcs/sources_1/new/Decoding_control.v ../../../../RIJ_CPU.srcs/sources_1/new/PC_add.v ../../../../RIJ_CPU.srcs/sources_1/new/RIJ_cpu.v ../../../../RIJ_CPU.srcs/sources_1/new/mem_store.v ../../../../RIJ_CPU.srcs/sources_1/new/register_store.v ../../../../RIJ_CPU.srcs/sim_1/new/top_module_sim.v 
# -- Skipping module blk_mem_gen_0
# -- Skipping module ALU_32
# -- Compiling module Decoding_control
# -- Skipping module PC_add
# -- Skipping module RIJ_CPU
# -- Skipping module mem_store
# -- Skipping module register_store
# -- Skipping module top_module_sim
# 
# Top level modules:
# 	top_module_sim
# End time: 12:06:36 on Jun 11,2020, Elapsed time: 0:00:00
# Errors: 0, Warnings: 1
# Model Technology ModelSim SE-64 vlog 10.6e Compiler 2018.06 Jun 23 2018
# Start time: 12:06:36 on Jun 11,2020
# vlog -work xil_defaultlib glbl.v 
# -- Compiling module glbl
# 
# Top level modules:
# 	glbl
# End time: 12:06:36 on Jun 11,2020, Elapsed time: 0:00:00
# Errors: 0, Warnings: 0
